#
# There is insufficient memory for the Java Runtime Environment to continue.
# Native memory allocation (malloc) failed to allocate 1144336 bytes for Chunk::new
# Possible reasons:
#   The system is out of physical RAM or swap space
#   In 32 bit mode, the process size limit was hit
# Possible solutions:
#   Reduce memory load on the system
#   Increase physical memory or swap space
#   Check if swap backing store is full
#   Use 64 bit Java on a 64 bit OS
#   Decrease Java heap size (-Xmx/-Xms)
#   Decrease number of Java threads
#   Decrease Java thread stack sizes (-Xss)
#   Set larger code cache with -XX:ReservedCodeCacheSize=
# This output file may be truncated or incomplete.
#
#  Out of Memory Error (allocation.cpp:390), pid=13204, tid=0x0000000000003f40
#
# JRE version: Java(TM) SE Runtime Environment (8.0_111-b14) (build 1.8.0_111-b14)
# Java VM: Java HotSpot(TM) 64-Bit Server VM (25.111-b14 mixed mode windows-amd64 compressed oops)
# Failed to write core dump. Minidumps are not enabled by default on client versions of Windows
#

---------------  T H R E A D  ---------------

Current thread (0x0000000017c4f000):  JavaThread "C2 CompilerThread2" daemon [_thread_in_native, id=16192, stack(0x000000001a770000,0x000000001a870000)]

Stack: [0x000000001a770000,0x000000001a870000]
[error occurred during error reporting (printing stack bounds), id 0xc0000005]

Native frames: (J=compiled Java code, j=interpreted, Vv=VM code, C=native code)


Current CompileTask:
C2:  23174 4442       4       java.net.URLClassLoader$1::run (5 bytes)


---------------  P R O C E S S  ---------------

Java Threads: ( => current thread )
  0x000000001b663000 JavaThread "MuleServer.01" [_thread_blocked, id=15480, stack(0x000000001d290000,0x000000001d390000)]
  0x000000001b661800 JavaThread "Log4j2-AsyncLoggerConfig-3" daemon [_thread_blocked, id=4208, stack(0x0000000021dd0000,0x0000000021ed0000)]
  0x000000001b664800 JavaThread "derby.rawStoreDaemon" daemon [_thread_blocked, id=13828, stack(0x0000000021480000,0x0000000021580000)]
  0x000000001b663800 JavaThread "Timer-0" daemon [_thread_blocked, id=14480, stack(0x0000000020fa0000,0x00000000210a0000)]
  0x000000001b662000 JavaThread "Thread-1" [_thread_in_native, id=13220, stack(0x000000001cf90000,0x000000001d090000)]
  0x0000000018ea3000 JavaThread "Service Thread" daemon [_thread_blocked, id=7452, stack(0x000000001ab10000,0x000000001ac10000)]
  0x0000000018e1f000 JavaThread "C1 CompilerThread3" daemon [_thread_blocked, id=14868, stack(0x000000001a920000,0x000000001aa20000)]
=>0x0000000017c4f000 JavaThread "C2 CompilerThread2" daemon [_thread_in_native, id=16192, stack(0x000000001a770000,0x000000001a870000)]
  0x0000000017c4e000 JavaThread "C2 CompilerThread1" daemon [_thread_in_native, id=7224, stack(0x000000001a5e0000,0x000000001a6e0000)]
  0x0000000018e09000 JavaThread "C2 CompilerThread0" daemon [_thread_in_native, id=11596, stack(0x0000000019d00000,0x0000000019e00000)]
  0x0000000018e06800 JavaThread "Attach Listener" daemon [_thread_blocked, id=14504, stack(0x000000001a490000,0x000000001a590000)]
  0x0000000018e05800 JavaThread "Signal Dispatcher" daemon [_thread_blocked, id=13740, stack(0x000000001a2d0000,0x000000001a3d0000)]
  0x0000000017c3e000 JavaThread "Finalizer" daemon [_thread_blocked, id=9616, stack(0x000000001a0e0000,0x000000001a1e0000)]
  0x0000000017c37000 JavaThread "Reference Handler" daemon [_thread_blocked, id=9740, stack(0x0000000019fd0000,0x000000001a0d0000)]
  0x0000000002229000 JavaThread "main" [_thread_blocked, id=6468, stack(0x0000000002520000,0x0000000002620000)]

Other Threads:
  0x0000000018db1800 VMThread [stack: 0x0000000019e20000,0x0000000019f20000] [id=12512]
  0x0000000018e80000 WatcherThread [stack: 0x000000001ac90000,0x000000001ad90000] [id=4920]

VM state:at safepoint (normal execution)

VM Mutex/Monitor currently owned by a thread:  ([mutex/lock_event])
[0x000000000230cfc0] Threads_lock - owner thread: 0x0000000018db1800
[0x000000000230d4c0] Heap_lock - owner thread: 0x0000000002229000

Heap:
 PSYoungGen      total 228864K, used 224661K [0x00000000d5b00000, 0x00000000f1980000, 0x0000000100000000)
  eden space 212480K, 100% used [0x00000000d5b00000,0x00000000e2a80000,0x00000000e2a80000)
  from space 16384K, 74% used [0x00000000e2a80000,0x00000000e3665630,0x00000000e3a80000)
  to   space 76800K, 37% used [0x00000000ece80000,0x00000000eea77810,0x00000000f1980000)
 ParOldGen       total 334336K, used 171650K [0x0000000081000000, 0x0000000095680000, 0x00000000d5b00000)
  object space 334336K, 51% used [0x0000000081000000,0x000000008b7a09d0,0x0000000095680000)
 Metaspace       used 40588K, capacity 41010K, committed 41472K, reserved 1085440K
  class space    used 5332K, capacity 5583K, committed 5632K, reserved 1048576K

Card table byte_map: [0x0000000011cb0000,0x00000000120b0000] byte_map_base: 0x00000000118a8000

Marking Bits: (ParMarkBitMap*) 0x00000000707aa6c0
 Begin Bits: [0x0000000012ed0000, 0x0000000014e90000)
 End Bits:   [0x0000000014e90000, 0x0000000016e50000)

Polling page: 0x00000000001c0000

CodeCache: size=245760Kb used=14306Kb max_used=14306Kb free=231453Kb
 bounds [0x00000000028f0000, 0x0000000003730000, 0x00000000118f0000]
 total_blobs=4563 nmethods=3889 adapters=585
 compilation: enabled

Compilation events (10 events):
Event: 23.055 Thread 0x0000000018e1f000 nmethod 4546 0x00000000031cfa50 code [0x00000000031cfbe0, 0x00000000031cff78]
Event: 23.055 Thread 0x0000000018e1f000 4542       3       java.lang.Class::isLocalOrAnonymousClass (13 bytes)
Event: 23.055 Thread 0x0000000018e1f000 nmethod 4542 0x000000000358a190 code [0x000000000358a320, 0x000000000358a638]
Event: 23.055 Thread 0x0000000018e1f000 4543       3       org.apache.logging.log4j.jcl.Log4jLog::debug (19 bytes)
Event: 23.056 Thread 0x0000000018e09000 nmethod 4545 0x0000000003589bd0 code [0x0000000003589d20, 0x0000000003589f28]
Event: 23.056 Thread 0x0000000018e1f000 nmethod 4543 0x00000000031fa310 code [0x00000000031fa4e0, 0x00000000031facd8]
Event: 23.056 Thread 0x0000000018e1f000 4547       3       org.apache.xerces.impl.dtd.XMLDTDValidator::setProperty (1 bytes)
Event: 23.056 Thread 0x0000000018e1f000 nmethod 4547 0x00000000031cf710 code [0x00000000031cf860, 0x00000000031cf9b0]
Event: 23.056 Thread 0x0000000018e1f000 4548       3       org.apache.xerces.impl.XMLEntityManager::setProperty (220 bytes)
Event: 23.057 Thread 0x0000000018e1f000 nmethod 4548 0x0000000003328690 code [0x0000000003328960, 0x000000000332a888]

GC Heap History (10 events):
Event: 18.276 GC heap before
{Heap before GC invocations=8 (full 1):
 PSYoungGen      total 148480K, used 133120K [0x00000000d5b00000, 0x00000000dfb00000, 0x0000000100000000)
  eden space 133120K, 100% used [0x00000000d5b00000,0x00000000ddd00000,0x00000000ddd00000)
  from space 15360K, 0% used [0x00000000dec00000,0x00000000dec00000,0x00000000dfb00000)
  to   space 15360K, 0% used [0x00000000ddd00000,0x00000000ddd00000,0x00000000dec00000)
 ParOldGen       total 72704K, used 17785K [0x0000000081000000, 0x0000000085700000, 0x00000000d5b00000)
  object space 72704K, 24% used [0x0000000081000000,0x000000008215e438,0x0000000085700000)
 Metaspace       used 28654K, capacity 28778K, committed 29056K, reserved 1075200K
  class space    used 3913K, capacity 3940K, committed 3968K, reserved 1048576K
Event: 18.291 GC heap after
Heap after GC invocations=8 (full 1):
 PSYoungGen      total 148480K, used 10693K [0x00000000d5b00000, 0x00000000e4a80000, 0x0000000100000000)
  eden space 133120K, 0% used [0x00000000d5b00000,0x00000000d5b00000,0x00000000ddd00000)
  from space 15360K, 69% used [0x00000000ddd00000,0x00000000de7714a0,0x00000000dec00000)
  to   space 14848K, 0% used [0x00000000e3c00000,0x00000000e3c00000,0x00000000e4a80000)
 ParOldGen       total 72704K, used 17793K [0x0000000081000000, 0x0000000085700000, 0x00000000d5b00000)
  object space 72704K, 24% used [0x0000000081000000,0x0000000082160438,0x0000000085700000)
 Metaspace       used 28654K, capacity 28778K, committed 29056K, reserved 1075200K
  class space    used 3913K, capacity 3940K, committed 3968K, reserved 1048576K
}
Event: 19.844 GC heap before
{Heap before GC invocations=9 (full 1):
 PSYoungGen      total 148480K, used 117319K [0x00000000d5b00000, 0x00000000e4a80000, 0x0000000100000000)
  eden space 133120K, 80% used [0x00000000d5b00000,0x00000000dc320980,0x00000000ddd00000)
  from space 15360K, 69% used [0x00000000ddd00000,0x00000000de7714a0,0x00000000dec00000)
  to   space 14848K, 0% used [0x00000000e3c00000,0x00000000e3c00000,0x00000000e4a80000)
 ParOldGen       total 72704K, used 17793K [0x0000000081000000, 0x0000000085700000, 0x00000000d5b00000)
  object space 72704K, 24% used [0x0000000081000000,0x0000000082160438,0x0000000085700000)
 Metaspace       used 34915K, capacity 35268K, committed 35496K, reserved 1079296K
  class space    used 4587K, capacity 4827K, committed 4864K, reserved 1048576K
Event: 19.853 GC heap after
Heap after GC invocations=9 (full 1):
 PSYoungGen      total 224768K, used 14490K [0x00000000d5b00000, 0x00000000e4a80000, 0x0000000100000000)
  eden space 209920K, 0% used [0x00000000d5b00000,0x00000000d5b00000,0x00000000e2800000)
  from space 14848K, 97% used [0x00000000e3c00000,0x00000000e4a26a00,0x00000000e4a80000)
  to   space 16384K, 0% used [0x00000000e2a80000,0x00000000e2a80000,0x00000000e3a80000)
 ParOldGen       total 72704K, used 17809K [0x0000000081000000, 0x0000000085700000, 0x00000000d5b00000)
  object space 72704K, 24% used [0x0000000081000000,0x0000000082164438,0x0000000085700000)
 Metaspace       used 34915K, capacity 35268K, committed 35496K, reserved 1079296K
  class space    used 4587K, capacity 4827K, committed 4864K, reserved 1048576K
}
Event: 19.853 GC heap before
{Heap before GC invocations=10 (full 2):
 PSYoungGen      total 224768K, used 14490K [0x00000000d5b00000, 0x00000000e4a80000, 0x0000000100000000)
  eden space 209920K, 0% used [0x00000000d5b00000,0x00000000d5b00000,0x00000000e2800000)
  from space 14848K, 97% used [0x00000000e3c00000,0x00000000e4a26a00,0x00000000e4a80000)
  to   space 16384K, 0% used [0x00000000e2a80000,0x00000000e2a80000,0x00000000e3a80000)
 ParOldGen       total 72704K, used 17809K [0x0000000081000000, 0x0000000085700000, 0x00000000d5b00000)
  object space 72704K, 24% used [0x0000000081000000,0x0000000082164438,0x0000000085700000)
 Metaspace       used 34915K, capacity 35268K, committed 35496K, reserved 1079296K
  class space    used 4587K, capacity 4827K, committed 4864K, reserved 1048576K
Event: 19.940 GC heap after
Heap after GC invocations=10 (full 2):
 PSYoungGen      total 224768K, used 0K [0x00000000d5b00000, 0x00000000e4a80000, 0x0000000100000000)
  eden space 209920K, 0% used [0x00000000d5b00000,0x00000000d5b00000,0x00000000e2800000)
  from space 14848K, 0% used [0x00000000e3c00000,0x00000000e3c00000,0x00000000e4a80000)
  to   space 16384K, 0% used [0x00000000e2a80000,0x00000000e2a80000,0x00000000e3a80000)
 ParOldGen       total 102400K, used 25965K [0x0000000081000000, 0x0000000087400000, 0x00000000d5b00000)
  object space 102400K, 25% used [0x0000000081000000,0x000000008295b5a8,0x0000000087400000)
 Metaspace       used 34900K, capacity 35222K, committed 35496K, reserved 1079296K
  class space    used 4583K, capacity 4793K, committed 4864K, reserved 1048576K
}
Event: 20.444 GC heap before
{Heap before GC invocations=11 (full 2):
 PSYoungGen      total 224768K, used 209920K [0x00000000d5b00000, 0x00000000e4a80000, 0x0000000100000000)
  eden space 209920K, 100% used [0x00000000d5b00000,0x00000000e2800000,0x00000000e2800000)
  from space 14848K, 0% used [0x00000000e3c00000,0x00000000e3c00000,0x00000000e4a80000)
  to   space 16384K, 0% used [0x00000000e2a80000,0x00000000e2a80000,0x00000000e3a80000)
 ParOldGen       total 102400K, used 25965K [0x0000000081000000, 0x0000000087400000, 0x00000000d5b00000)
  object space 102400K, 25% used [0x0000000081000000,0x000000008295b5a8,0x0000000087400000)
 Metaspace       used 36325K, capacity 36680K, committed 36992K, reserved 1081344K
  class space    used 4787K, capacity 4956K, committed 4992K, reserved 1048576K
Event: 20.507 GC heap after
Heap after GC invocations=11 (full 2):
 PSYoungGen      total 228864K, used 16373K [0x00000000d5b00000, 0x00000000f1980000, 0x0000000100000000)
  eden space 212480K, 0% used [0x00000000d5b00000,0x00000000d5b00000,0x00000000e2a80000)
  from space 16384K, 99% used [0x00000000e2a80000,0x00000000e3a7d7f0,0x00000000e3a80000)
  to   space 76800K, 0% used [0x00000000ece80000,0x00000000ece80000,0x00000000f1980000)
 ParOldGen       total 172032K, used 171171K [0x0000000081000000, 0x000000008b800000, 0x00000000d5b00000)
  object space 172032K, 99% used [0x0000000081000000,0x000000008b728e38,0x000000008b800000)
 Metaspace       used 36325K, capacity 36680K, committed 36992K, reserved 1081344K
  class space    used 4787K, capacity 4956K, committed 4992K, reserved 1048576K
}
Event: 20.507 GC heap before
{Heap before GC invocations=12 (full 3):
 PSYoungGen      total 228864K, used 16373K [0x00000000d5b00000, 0x00000000f1980000, 0x0000000100000000)
  eden space 212480K, 0% used [0x00000000d5b00000,0x00000000d5b00000,0x00000000e2a80000)
  from space 16384K, 99% used [0x00000000e2a80000,0x00000000e3a7d7f0,0x00000000e3a80000)
  to   space 76800K, 0% used [0x00000000ece80000,0x00000000ece80000,0x00000000f1980000)
 ParOldGen       total 172032K, used 171171K [0x0000000081000000, 0x000000008b800000, 0x00000000d5b00000)
  object space 172032K, 99% used [0x0000000081000000,0x000000008b728e38,0x000000008b800000)
 Metaspace       used 36325K, capacity 36680K, committed 36992K, reserved 1081344K
  class space    used 4787K, capacity 4956K, committed 4992K, reserved 1048576K
Event: 20.702 GC heap after
Heap after GC invocations=12 (full 3):
 PSYoungGen      total 228864K, used 12181K [0x00000000d5b00000, 0x00000000f1980000, 0x0000000100000000)
  eden space 212480K, 0% used [0x00000000d5b00000,0x00000000d5b00000,0x00000000e2a80000)
  from space 16384K, 74% used [0x00000000e2a80000,0x00000000e3665630,0x00000000e3a80000)
  to   space 76800K, 0% used [0x00000000ece80000,0x00000000ece80000,0x00000000f1980000)
 ParOldGen       total 334336K, used 171642K [0x0000000081000000, 0x0000000095680000, 0x00000000d5b00000)
  object space 334336K, 51% used [0x0000000081000000,0x000000008b79e9d0,0x0000000095680000)
 Metaspace       used 36321K, capacity 36674K, committed 36992K, reserved 1081344K
  class space    used 4787K, capacity 4955K, committed 4992K, reserved 1048576K
}

Deoptimization events (10 events):
Event: 22.870 Thread 0x0000000002229000 Uncommon trap: reason=class_check action=maybe_recompile pc=0x000000000305a2e4 method=org.apache.xerces.impl.XMLNSDocumentScannerImpl.scanStartElement()Z @ 31
Event: 22.870 Thread 0x0000000002229000 Uncommon trap: reason=class_check action=maybe_recompile pc=0x000000000305a2e4 method=org.apache.xerces.impl.XMLNSDocumentScannerImpl.scanStartElement()Z @ 31
Event: 22.870 Thread 0x0000000002229000 Uncommon trap: reason=class_check action=maybe_recompile pc=0x000000000305a2e4 method=org.apache.xerces.impl.XMLNSDocumentScannerImpl.scanStartElement()Z @ 31
Event: 22.870 Thread 0x0000000002229000 Uncommon trap: reason=class_check action=maybe_recompile pc=0x000000000305a2e4 method=org.apache.xerces.impl.XMLNSDocumentScannerImpl.scanStartElement()Z @ 31
Event: 22.870 Thread 0x0000000002229000 Uncommon trap: reason=unstable_if action=reinterpret pc=0x0000000002da0400 method=org.apache.xerces.impl.XMLEntityScanner.scanLiteral(ILorg/apache/xerces/xni/XMLString;)I @ 598
Event: 22.870 Thread 0x0000000002229000 Uncommon trap: reason=unstable_if action=reinterpret pc=0x0000000002eed448 method=org.apache.xerces.impl.XMLScanner.scanAttributeValue(Lorg/apache/xerces/xni/XMLString;Lorg/apache/xerces/xni/XMLString;Ljava/lang/String;ZLjava/lang/String;)Z @ 625
Event: 22.870 Thread 0x0000000002229000 Uncommon trap: reason=class_check action=maybe_recompile pc=0x0000000002f5e344 method=org.apache.xerces.impl.XMLNSDocumentScannerImpl.scanEndElement()I @ 178
Event: 22.870 Thread 0x0000000002229000 Uncommon trap: reason=class_check action=maybe_recompile pc=0x0000000002f5e344 method=org.apache.xerces.impl.XMLNSDocumentScannerImpl.scanEndElement()I @ 178
Event: 22.871 Thread 0x0000000002229000 Uncommon trap: reason=class_check action=maybe_recompile pc=0x0000000002f5e344 method=org.apache.xerces.impl.XMLNSDocumentScannerImpl.scanEndElement()I @ 178
Event: 22.871 Thread 0x0000000002229000 Uncommon trap: reason=class_check action=maybe_recompile pc=0x0000000002f5e344 method=org.apache.xerces.impl.XMLNSDocumentScannerImpl.scanEndElement()I @ 178

Internal exceptions (10 events):
Event: 22.586 Thread 0x0000000002229000 Exception <a 'java/lang/ClassNotFoundException': org/mule/config/parsers/OutboundAttachmentsAnnotationParserBeanInfo> (0x00000000df14a458) thrown at [C:\re\workspace\8-2-build-windows-amd64-cygwin\jdk8u111\7883\hotspot\src\share\vm\classfile\systemDiction
Event: 22.586 Thread 0x0000000002229000 Exception <a 'java/lang/ClassNotFoundException': org/mule/config/parsers/OutboundAttachmentsAnnotationParserCustomizer> (0x00000000df17b830) thrown at [C:\re\workspace\8-2-build-windows-amd64-cygwin\jdk8u111\7883\hotspot\src\share\vm\classfile\systemDicti
Event: 22.588 Thread 0x0000000002229000 Exception <a 'java/lang/ClassNotFoundException': org/mule/config/transformer/AnnotatedTransformerObjectProcessorBeanInfo> (0x00000000df1b5640) thrown at [C:\re\workspace\8-2-build-windows-amd64-cygwin\jdk8u111\7883\hotspot\src\share\vm\classfile\systemDic
Event: 22.588 Thread 0x0000000002229000 Exception <a 'java/lang/ClassNotFoundException': org/mule/config/transformer/AnnotatedTransformerObjectProcessorCustomizer> (0x00000000df1e81a0) thrown at [C:\re\workspace\8-2-build-windows-amd64-cygwin\jdk8u111\7883\hotspot\src\share\vm\classfile\systemD
Event: 22.590 Thread 0x0000000002229000 Exception <a 'java/lang/ClassNotFoundException': org/mule/config/processors/LookupInjectionProcessorBeanInfo> (0x00000000df21d380) thrown at [C:\re\workspace\8-2-build-windows-amd64-cygwin\jdk8u111\7883\hotspot\src\share\vm\classfile\systemDictionary.cpp,
Event: 22.590 Thread 0x0000000002229000 Exception <a 'java/lang/ClassNotFoundException': org/mule/config/processors/LookupInjectionProcessorCustomizer> (0x00000000df24a340) thrown at [C:\re\workspace\8-2-build-windows-amd64-cygwin\jdk8u111\7883\hotspot\src\share\vm\classfile\systemDictionary.cp
Event: 22.594 Thread 0x0000000002229000 Exception <a 'java/lang/ClassNotFoundException': org/mule/security/oauth/DefaultRefreshTokenManagerBeanInfo> (0x00000000df2c3bc0) thrown at [C:\re\workspace\8-2-build-windows-amd64-cygwin\jdk8u111\7883\hotspot\src\share\vm\classfile\systemDictionary.cpp, 
Event: 22.595 Thread 0x0000000002229000 Exception <a 'java/lang/ClassNotFoundException': org/mule/security/oauth/DefaultRefreshTokenManagerCustomizer> (0x00000000df2effc8) thrown at [C:\re\workspace\8-2-build-windows-amd64-cygwin\jdk8u111\7883\hotspot\src\share\vm\classfile\systemDictionary.cpp
Event: 22.879 Thread 0x0000000002229000 Exception <a 'java/lang/reflect/InvocationTargetException'> (0x00000000e01966f0) thrown at [C:\re\workspace\8-2-build-windows-amd64-cygwin\jdk8u111\7883\hotspot\src\share\vm\runtime\reflection.cpp, line 1092]
Event: 22.880 Thread 0x0000000002229000 Exception <a 'java/lang/reflect/InvocationTargetException'> (0x00000000e024d148) thrown at [C:\re\workspace\8-2-build-windows-amd64-cygwin\jdk8u111\7883\hotspot\src\share\vm\runtime\reflection.cpp, line 1092]

Events (10 events):
Event: 22.944 Thread 0x0000000002229000 DEOPT PACKING pc=0x0000000002d4d309 sp=0x000000000261d910
Event: 22.944 Thread 0x0000000002229000 DEOPT UNPACKING pc=0x000000000293787f sp=0x000000000261d740 mode 0
Event: 22.945 Thread 0x0000000002229000 DEOPT PACKING pc=0x0000000002d4d309 sp=0x000000000261d910
Event: 22.945 Thread 0x0000000002229000 DEOPT UNPACKING pc=0x000000000293787f sp=0x000000000261d740 mode 0
Event: 22.946 Thread 0x0000000002229000 DEOPT PACKING pc=0x0000000002d4d309 sp=0x000000000261d910
Event: 22.946 Thread 0x0000000002229000 DEOPT UNPACKING pc=0x000000000293787f sp=0x000000000261d740 mode 0
Event: 22.948 Thread 0x0000000002229000 DEOPT PACKING pc=0x0000000002d4d309 sp=0x000000000261d910
Event: 22.948 Thread 0x0000000002229000 DEOPT UNPACKING pc=0x000000000293787f sp=0x000000000261d740 mode 0
Event: 22.992 Thread 0x0000000002229000 DEOPT PACKING pc=0x000000000363c222 sp=0x000000000261e200
Event: 22.992 Thread 0x0000000002229000 DEOPT UNPACKING pc=0x000000000293787f sp=0x000000000261df68 mode 0


Dynamic libraries:
0x000000013f9c0000 - 0x000000013f9f7000 	C:\Program Files\Java\jdk1.8.0_111\jre\bin\java.exe
0x00000000774b0000 - 0x000000007765a000 	C:\Windows\SYSTEM32\ntdll.dll
0x000007fef39e0000 - 0x000007fef3a06000 	C:\Program Files\Cylance\Desktop\CyMemDef64.dll
0x0000000077390000 - 0x00000000774af000 	C:\Windows\system32\kernel32.dll
0x000007fefd1e0000 - 0x000007fefd24a000 	C:\Windows\system32\KERNELBASE.dll
0x000007feff410000 - 0x000007feff4eb000 	C:\Windows\system32\ADVAPI32.dll
0x000007fefdc40000 - 0x000007fefdcdf000 	C:\Windows\system32\msvcrt.dll
0x000007fefdc20000 - 0x000007fefdc3f000 	C:\Windows\SYSTEM32\sechost.dll
0x000007feff250000 - 0x000007feff37d000 	C:\Windows\system32\RPCRT4.dll
0x0000000077290000 - 0x000000007738a000 	C:\Windows\system32\USER32.dll
0x000007fefdbb0000 - 0x000007fefdc17000 	C:\Windows\system32\GDI32.dll
0x000007feff380000 - 0x000007feff38e000 	C:\Windows\system32\LPK.dll
0x000007fefdea0000 - 0x000007fefdf6a000 	C:\Windows\system32\USP10.dll
0x000007fef2d10000 - 0x000007fef2f04000 	C:\Windows\WinSxS\amd64_microsoft.windows.common-controls_6595b64144ccf1df_6.0.7601.18837_none_fa3b1e3d17594757\COMCTL32.dll
0x000007feff390000 - 0x000007feff401000 	C:\Windows\system32\SHLWAPI.dll
0x000007fefe080000 - 0x000007fefe0ae000 	C:\Windows\system32\IMM32.DLL
0x000007fefdaa0000 - 0x000007fefdba9000 	C:\Windows\system32\MSCTF.dll
0x0000000065820000 - 0x00000000658f2000 	C:\Program Files\Java\jdk1.8.0_111\jre\bin\msvcr100.dll
0x000000006ff90000 - 0x000000007082a000 	C:\Program Files\Java\jdk1.8.0_111\jre\bin\server\jvm.dll
0x000007feef7a0000 - 0x000007feef7a9000 	C:\Windows\system32\WSOCK32.dll
0x000007fefdf70000 - 0x000007fefdfbd000 	C:\Windows\system32\WS2_32.dll
0x000007fefd560000 - 0x000007fefd568000 	C:\Windows\system32\NSI.dll
0x000007fef3200000 - 0x000007fef323b000 	C:\Windows\system32\WINMM.dll
0x000007fefc3f0000 - 0x000007fefc3fc000 	C:\Windows\system32\VERSION.dll
0x0000000077670000 - 0x0000000077677000 	C:\Windows\system32\PSAPI.DLL
0x0000000074110000 - 0x000000007411f000 	C:\Program Files\Java\jdk1.8.0_111\jre\bin\verify.dll
0x00000000683e0000 - 0x0000000068409000 	C:\Program Files\Java\jdk1.8.0_111\jre\bin\java.dll
0x000000006a830000 - 0x000000006a846000 	C:\Program Files\Java\jdk1.8.0_111\jre\bin\zip.dll
0x000007fefe330000 - 0x000007feff0ba000 	C:\Windows\system32\SHELL32.dll
0x000007fefd8a0000 - 0x000007fefda9c000 	C:\Windows\system32\ole32.dll
0x000007fefd1a0000 - 0x000007fefd1af000 	C:\Windows\system32\profapi.dll
0x000000006a810000 - 0x000000006a82a000 	C:\Program Files\Java\jdk1.8.0_111\jre\bin\net.dll
0x000007fefc900000 - 0x000007fefc955000 	C:\Windows\system32\mswsock.dll
0x000007fefcc10000 - 0x000007fefcc17000 	C:\Windows\System32\wship6.dll
0x0000000000420000 - 0x000000000042d000 	C:\Program Files\Java\jdk1.8.0_111\jre\bin\management.dll
0x000007fefc980000 - 0x000007fefc998000 	C:\Windows\system32\CRYPTSP.dll
0x000007fefc6b0000 - 0x000007fefc6f7000 	C:\Windows\system32\rsaenh.dll
0x000007fefd3b0000 - 0x000007fefd3ce000 	C:\Windows\system32\USERENV.dll
0x000007fefd000000 - 0x000007fefd00f000 	C:\Windows\system32\CRYPTBASE.dll
0x000007fef81d0000 - 0x000007fef81f7000 	C:\Windows\system32\IPHLPAPI.DLL
0x000007fef81c0000 - 0x000007fef81cb000 	C:\Windows\system32\WINNSI.DLL
0x000007fef8140000 - 0x000007fef8151000 	C:\Windows\system32\dhcpcsvc6.DLL
0x000007fef8160000 - 0x000007fef8178000 	C:\Windows\system32\dhcpcsvc.DLL
0x00000000680e0000 - 0x00000000680f1000 	C:\Program Files\Java\jdk1.8.0_111\jre\bin\nio.dll
0x000007fef1e30000 - 0x000007fef1e3a000 	C:\Users\khanif\AppData\Local\Temp\jansi-64-5674882577653286487.dll
0x000007fef8260000 - 0x000007fef8275000 	C:\Windows\system32\NLAapi.dll
0x000007fef8240000 - 0x000007fef8255000 	C:\Windows\system32\napinsp.dll
0x000007fef8220000 - 0x000007fef8239000 	C:\Windows\system32\pnrpnsp.dll
0x000007fefc790000 - 0x000007fefc7eb000 	C:\Windows\system32\DNSAPI.dll
0x000007fef8210000 - 0x000007fef821b000 	C:\Windows\System32\winrnr.dll
0x000007fef8200000 - 0x000007fef8210000 	C:\Windows\system32\wshbth.dll
0x0000000074ea0000 - 0x0000000074ec6000 	C:\Program Files\Bonjour\mdnsNSP.dll
0x000007fef8280000 - 0x000007fef8287000 	C:\Windows\System32\wshtcpip.dll
0x000007fef4da0000 - 0x000007fef4da8000 	C:\Windows\system32\rasadhlp.dll
0x000007fef4d40000 - 0x000007fef4d93000 	C:\Windows\System32\fwpuclnt.dll

VM Arguments:
jvm_args: -Dmule.working.dir=C:\Users\khanif\AnypointStudio\advCourse-WS\maven-project\target\.mule -Dmule.testingMode=true 
java_command: C:\Users\khanif\AnypointStudio\advCourse-WS\maven-project\target\munitstarter5707902637019007486.jar -suites src/test/munit/new-test-suite.xml -run_token 536a3f9d-2694-4be0-be5d-164f9e302ee3 -project_name maven-project -mode console -run_coverage -application_paths maven-project.xml
java_class_path (initial): C:\Users\khanif\AnypointStudio\advCourse-WS\maven-project\target\munitstarter5707902637019007486.jar
Launcher Type: SUN_STANDARD

Environment Variables:
JAVA_HOME=C:\Program Files\Java\jdk1.8.0_111
CLASSPATH=C:\Program Files\Documentum\dctm.jar;C:\Documentum\config
PATH=c:\Program Files (x86)\Intel\iCLS Client\;c:\Program Files\Intel\iCLS Client\;C:\Program Files\Documentum\Shared;C:\Windows\system32;C:\Windows;C:\Windows\System32\Wbem;C:\Windows\System32\WindowsPowerShell\v1.0\;C:\Program Files\WIDCOMM\Bluetooth Software\;C:\Program Files\WIDCOMM\Bluetooth Software\syswow64;C:\Program Files\ant\bin;C:\Program Files\Java\jdk1.8.0_111\bin;C:\Program Files (x86)\WebEx\Productivity Tools;C:\Program Files\TortoiseGit\bin;C:\Program Files (x86)\Box\Box Edit\;C:\Users\khanif\.dnx\bin;C:\Program Files\Microsoft DNX\Dnvm\;C:\Program Files (x86)\Windows Kits\8.1\Windows Performance Toolkit\;C:\Program Files\Microsoft SQL Server\120\Tools\Binn\;C:\Program Files\nodejs\;C:\Program Files\Microsoft\Web Platform Installer\;C:\Program Files\Intel\Intel(R) Management Engine Components\DAL;C:\Program Files\Intel\Intel(R) Management Engine Components\IPT;C:\Program Files (x86)\Intel\Intel(R) Management Engine Components\DAL;C:\Program Files (x86)\Intel\Intel(R) Management Engine Components\IPT;C:\Program Files\Microsoft SQL Server\130\Tools\Binn\;C:\Program Files (x86)\Microsoft SQL Server\110\DTS\Binn\;C:\Program Files (x86)\Microsoft SQL Server\120\DTS\Binn\;C:\Program Files (x86)\Microsoft SQL Server\130\DTS\Binn\;C:\Program Files\apache-maven-3.5.0/bin;C:\Program Files\Git\cmd;C:\Users\khanif\AppData\Roaming\npm
USERNAME=khanif
OS=Windows_NT
PROCESSOR_IDENTIFIER=Intel64 Family 6 Model 58 Stepping 9, GenuineIntel



---------------  S Y S T E M  ---------------

OS: Windows 7 , 64 bit Build 7601 (6.1.7601.23714)

CPU:total 8 (4 cores per cpu, 2 threads per core) family 6 model 58 stepping 9, cmov, cx8, fxsr, mmx, sse, sse2, sse3, ssse3, sse4.1, sse4.2, popcnt, avx, aes, clmul, erms, ht, tsc, tscinvbit, tscinv

Memory: 4k page, physical 8320404k(704096k free), swap 12512848k(4964k free)

vm_info: Java HotSpot(TM) 64-Bit Server VM (25.111-b14) for windows-amd64 JRE (1.8.0_111-b14), built on Sep 22 2016 19:24:05 by "java_re" with MS VC++ 10.0 (VS2010)

time: Thu Jun 01 09:55:05 2017
elapsed time: 23 seconds (0d 0h 0m 23s)

